140821 18:38:07 mysqld_safe Starting mysqld daemon with databases from /var/lib/mysql
140821 18:38:07 [Warning] Using unique option prefix key_buffer instead of key_buffer_size is deprecated and will be removed in a future release. Please use the full name instead.
140821 18:38:07 [Warning] Using unique option prefix myisam-recover instead of myisam-recover-options is deprecated and will be removed in a future release. Please use the full name instead.
140821 18:38:07 [Note] Plugin 'FEDERATED' is disabled.
140821 18:38:07 InnoDB: The InnoDB memory heap is disabled
140821 18:38:07 InnoDB: Mutexes and rw_locks use GCC atomic builtins
140821 18:38:07 InnoDB: Compressed tables use zlib 1.2.8
140821 18:38:07 InnoDB: Using Linux native AIO
140821 18:38:07 InnoDB: Initializing buffer pool, size = 128.0M
140821 18:38:07 InnoDB: Completed initialization of buffer pool
140821 18:38:07 InnoDB: highest supported file format is Barracuda.
140821 18:38:07  InnoDB: Waiting for the background threads to start
140821 18:38:08 Percona XtraDB (http://www.percona.com) 5.5.38-35.2 started; log sequence number 1597945
140821 18:38:08 [ERROR] /usr/sbin/mysqld: Table './mysql/user' is marked as crashed and should be repaired
140821 18:38:08 [Warning] Checking table:   './mysql/user'
140821 18:38:08 [ERROR] 1 client is using or hasn't closed the table properly
140821 18:38:08 [Note] Event Scheduler: Loaded 0 events
140821 18:38:08 [Note] /usr/sbin/mysqld: ready for connections.
Version: '5.5.38-35.2'  socket: '/var/run/mysqld/mysqld.sock'  port: 3306  Percona Server (GPL), Release 35.2, Revision 674
140821 18:39:04 [Note] /usr/sbin/mysqld: Normal shutdown

140821 18:39:04 [Note] Event Scheduler: Purging the queue. 0 events
140821 18:39:04  InnoDB: Starting shutdown...
140821 18:39:07  InnoDB: Shutdown completed; log sequence number 1597971
140821 18:39:07 [Note] /usr/sbin/mysqld: Shutdown complete

140821 18:39:07 mysqld_safe mysqld from pid file /var/run/mysqld/mysqld.pid ended
140821 18:39:22 mysqld_safe Starting mysqld daemon with databases from /var/lib/mysql
140821 18:39:22 [Warning] Using unique option prefix key_buffer instead of key_buffer_size is deprecated and will be removed in a future release. Please use the full name instead.
140821 18:39:22 [Warning] Using unique option prefix myisam-recover instead of myisam-recover-options is deprecated and will be removed in a future release. Please use the full name instead.
140821 18:39:22 [Note] Plugin 'FEDERATED' is disabled.
140821 18:39:22 InnoDB: The InnoDB memory heap is disabled
140821 18:39:22 InnoDB: Mutexes and rw_locks use GCC atomic builtins
140821 18:39:22 InnoDB: Compressed tables use zlib 1.2.8
140821 18:39:22 InnoDB: Using Linux native AIO
140821 18:39:22 InnoDB: Initializing buffer pool, size = 128.0M
140821 18:39:22 InnoDB: Completed initialization of buffer pool
140821 18:39:22 InnoDB: highest supported file format is Barracuda.
140821 18:39:22  InnoDB: Waiting for the background threads to start
140821 18:39:23 Percona XtraDB (http://www.percona.com) 5.5.38-35.2 started; log sequence number 1597971
140821 18:39:23 [Note] Event Scheduler: Loaded 0 events
140821 18:39:23 [Note] /usr/sbin/mysqld: ready for connections.
Version: '5.5.38-35.2'  socket: '/var/run/mysqld/mysqld.sock'  port: 3306  Percona Server (GPL), Release 35.2, Revision 674
140821 18:39:42 [Warning] IP address '172.17.42.1' could not be resolved: Name or service not known
140821 18:43:04 [Note] /usr/sbin/mysqld: Normal shutdown

140821 18:43:04 [Note] Event Scheduler: Purging the queue. 0 events
140821 18:43:04  InnoDB: Starting shutdown...
140821 18:43:07  InnoDB: Shutdown completed; log sequence number 1597981
140821 18:43:07 [Note] /usr/sbin/mysqld: Shutdown complete

140821 18:43:07 mysqld_safe mysqld from pid file /var/run/mysqld/mysqld.pid ended
140821 18:43:08 mysqld_safe Starting mysqld daemon with databases from /var/lib/mysql
140821 18:43:08 [Warning] Using unique option prefix key_buffer instead of key_buffer_size is deprecated and will be removed in a future release. Please use the full name instead.
140821 18:43:08 [Warning] Using unique option prefix myisam-recover instead of myisam-recover-options is deprecated and will be removed in a future release. Please use the full name instead.
140821 18:43:08 [Note] Plugin 'FEDERATED' is disabled.
140821 18:43:08 InnoDB: The InnoDB memory heap is disabled
140821 18:43:08 InnoDB: Mutexes and rw_locks use GCC atomic builtins
140821 18:43:08 InnoDB: Compressed tables use zlib 1.2.8
140821 18:43:08 InnoDB: Using Linux native AIO
140821 18:43:08 InnoDB: Initializing buffer pool, size = 128.0M
140821 18:43:08 InnoDB: Completed initialization of buffer pool
140821 18:43:08 InnoDB: highest supported file format is Barracuda.
140821 18:43:08  InnoDB: Waiting for the background threads to start
140821 18:43:09 Percona XtraDB (http://www.percona.com) 5.5.38-35.2 started; log sequence number 1597981
140821 18:43:09 [Note] Event Scheduler: Loaded 0 events
140821 18:43:09 [Note] /usr/sbin/mysqld: ready for connections.
Version: '5.5.38-35.2'  socket: '/var/run/mysqld/mysqld.sock'  port: 3306  Percona Server (GPL), Release 35.2, Revision 674
140821 18:43:20 [Warning] IP address '172.17.42.1' could not be resolved: Name or service not known
140821 18:45:00 [Note] /usr/sbin/mysqld: Normal shutdown

140821 18:45:00 [Note] Event Scheduler: Purging the queue. 0 events
140821 18:45:00  InnoDB: Starting shutdown...
140821 18:45:03  InnoDB: Shutdown completed; log sequence number 1597981
140821 18:45:03 [Note] /usr/sbin/mysqld: Shutdown complete

140821 18:45:03 mysqld_safe mysqld from pid file /var/run/mysqld/mysqld.pid ended
140821 18:45:04 mysqld_safe Starting mysqld daemon with databases from /var/lib/mysql
140821 18:45:04 [Warning] Using unique option prefix key_buffer instead of key_buffer_size is deprecated and will be removed in a future release. Please use the full name instead.
140821 18:45:04 [Warning] Using unique option prefix myisam-recover instead of myisam-recover-options is deprecated and will be removed in a future release. Please use the full name instead.
140821 18:45:04 [Note] Plugin 'FEDERATED' is disabled.
140821 18:45:04 InnoDB: The InnoDB memory heap is disabled
140821 18:45:04 InnoDB: Mutexes and rw_locks use GCC atomic builtins
140821 18:45:04 InnoDB: Compressed tables use zlib 1.2.8
140821 18:45:04 InnoDB: Using Linux native AIO
140821 18:45:04 InnoDB: Initializing buffer pool, size = 128.0M
140821 18:45:05 InnoDB: Completed initialization of buffer pool
140821 18:45:05 InnoDB: highest supported file format is Barracuda.
140821 18:45:05  InnoDB: Waiting for the background threads to start
140821 18:45:06 Percona XtraDB (http://www.percona.com) 5.5.38-35.2 started; log sequence number 1597981
140821 18:45:06 [Note] Event Scheduler: Loaded 0 events
140821 18:45:06 [Note] /usr/sbin/mysqld: ready for connections.
Version: '5.5.38-35.2'  socket: '/var/run/mysqld/mysqld.sock'  port: 3306  Percona Server (GPL), Release 35.2, Revision 674
140821 18:45:22 [Warning] IP address '172.17.42.1' could not be resolved: Name or service not known
140821 18:48:55 [Note] /usr/sbin/mysqld: Normal shutdown

140821 18:48:55 [Note] Event Scheduler: Purging the queue. 0 events
140821 18:48:55  InnoDB: Starting shutdown...
140821 18:48:55  InnoDB: Shutdown completed; log sequence number 1597981
140821 18:48:55 [Note] /usr/sbin/mysqld: Shutdown complete

140821 18:48:55 mysqld_safe mysqld from pid file /var/run/mysqld/mysqld.pid ended
140821 18:49:26 mysqld_safe Starting mysqld daemon with databases from /var/lib/mysql
140821 18:49:26 [Warning] Using unique option prefix key_buffer instead of key_buffer_size is deprecated and will be removed in a future release. Please use the full name instead.
140821 18:49:26 [Warning] Using unique option prefix myisam-recover instead of myisam-recover-options is deprecated and will be removed in a future release. Please use the full name instead.
140821 18:49:26 [Note] Plugin 'FEDERATED' is disabled.
140821 18:49:26 InnoDB: The InnoDB memory heap is disabled
140821 18:49:26 InnoDB: Mutexes and rw_locks use GCC atomic builtins
140821 18:49:26 InnoDB: Compressed tables use zlib 1.2.8
140821 18:49:26 InnoDB: Using Linux native AIO
140821 18:49:26 InnoDB: Initializing buffer pool, size = 128.0M
140821 18:49:26 InnoDB: Completed initialization of buffer pool
140821 18:49:26 InnoDB: highest supported file format is Barracuda.
140821 18:49:26  InnoDB: Waiting for the background threads to start
140821 18:49:27 Percona XtraDB (http://www.percona.com) 5.5.38-35.2 started; log sequence number 1597981
140821 18:49:27 [Note] Event Scheduler: Loaded 0 events
140821 18:49:27 [Note] /usr/sbin/mysqld: ready for connections.
Version: '5.5.38-35.2'  socket: '/var/run/mysqld/mysqld.sock'  port: 3306  Percona Server (GPL), Release 35.2, Revision 674
140821 18:49:53 [Warning] IP address '172.17.42.1' could not be resolved: Temporary failure in name resolution
140821 18:50:13 [Warning] IP address '172.17.42.1' could not be resolved: Temporary failure in name resolution
140821 18:50:22 [Warning] IP address '172.17.42.1' could not be resolved: Temporary failure in name resolution
140821 18:50:42 [Warning] IP address '172.17.42.1' could not be resolved: Temporary failure in name resolution
140821 18:51:56 [Warning] IP address '172.17.42.1' could not be resolved: Name or service not known
140821 18:53:15 [Note] /usr/sbin/mysqld: Normal shutdown

140821 18:53:15 [Note] Event Scheduler: Purging the queue. 0 events
140821 18:53:15  InnoDB: Starting shutdown...
140821 18:53:16  InnoDB: Shutdown completed; log sequence number 1597981
140821 18:53:16 [Note] /usr/sbin/mysqld: Shutdown complete

140821 18:53:16 mysqld_safe mysqld from pid file /var/run/mysqld/mysqld.pid ended
140821 18:53:17 mysqld_safe Starting mysqld daemon with databases from /var/lib/mysql
140821 18:53:17 [Warning] Using unique option prefix key_buffer instead of key_buffer_size is deprecated and will be removed in a future release. Please use the full name instead.
140821 18:53:17 [Warning] Using unique option prefix myisam-recover instead of myisam-recover-options is deprecated and will be removed in a future release. Please use the full name instead.
140821 18:53:17 [Note] Plugin 'FEDERATED' is disabled.
140821 18:53:17 InnoDB: The InnoDB memory heap is disabled
140821 18:53:17 InnoDB: Mutexes and rw_locks use GCC atomic builtins
140821 18:53:17 InnoDB: Compressed tables use zlib 1.2.8
140821 18:53:17 InnoDB: Using Linux native AIO
140821 18:53:17 InnoDB: Initializing buffer pool, size = 128.0M
140821 18:53:17 InnoDB: Completed initialization of buffer pool
140821 18:53:17 InnoDB: highest supported file format is Barracuda.
140821 18:53:17  InnoDB: Waiting for the background threads to start
140821 18:53:18 Percona XtraDB (http://www.percona.com) 5.5.38-35.2 started; log sequence number 1597981
140821 18:53:18 [Note] Event Scheduler: Loaded 0 events
140821 18:53:18 [Note] /usr/sbin/mysqld: ready for connections.
Version: '5.5.38-35.2'  socket: '/var/run/mysqld/mysqld.sock'  port: 3306  Percona Server (GPL), Release 35.2, Revision 674
140821 18:53:31 [Warning] IP address '172.17.42.1' could not be resolved: Name or service not known
